<?xml version="1.0" encoding="UTF-8"?>
<!-- Generated by org.testng.reporters.JUnitReportReporter -->
<testsuite hostname="kganesan" name="com.gk.selenium.tests.SignUpFormTest" tests="2" failures="0" timestamp="1 Jan 2017 12:04:37 GMT" time="7.863" errors="0">
  <testcase name="signUp1" time="3.495" classname="com.gk.selenium.tests.SignUpFormTest"/>
  <testcase name="signUp" time="4.368" classname="com.gk.selenium.tests.SignUpFormTest"/>
</testsuite> <!-- com.gk.selenium.tests.SignUpFormTest -->
